mode: set
github.com/reshimahendra/lbw-go/cmd/app/main.go:5.13,7.2 1 0
github.com/reshimahendra/lbw-go/internal/config/server.go:44.47,46.17 2 0
github.com/reshimahendra/lbw-go/internal/config/server.go:56.5,56.15 1 0
github.com/reshimahendra/lbw-go/internal/config/server.go:47.37,49.33 1 0
github.com/reshimahendra/lbw-go/internal/config/server.go:52.13,53.85 1 0
github.com/reshimahendra/lbw-go/internal/config/server.go:49.33,51.10 1 0
github.com/reshimahendra/lbw-go/internal/config/server.go:60.44,61.25 1 0
github.com/reshimahendra/lbw-go/internal/config/server.go:66.5,66.85 1 0
github.com/reshimahendra/lbw-go/internal/config/server.go:62.37,63.33 1 0
github.com/reshimahendra/lbw-go/internal/config/server.go:70.49,71.52 1 0
github.com/reshimahendra/lbw-go/internal/config/server.go:75.5,75.28 1 0
github.com/reshimahendra/lbw-go/internal/config/server.go:71.52,73.6 1 0
github.com/reshimahendra/lbw-go/internal/config/config.go:40.27,42.2 1 1
github.com/reshimahendra/lbw-go/internal/config/config.go:45.26,56.47 7 1
github.com/reshimahendra/lbw-go/internal/config/config.go:62.5,62.46 1 1
github.com/reshimahendra/lbw-go/internal/config/config.go:67.5,69.11 2 1
github.com/reshimahendra/lbw-go/internal/config/config.go:56.47,59.6 2 0
github.com/reshimahendra/lbw-go/internal/config/config.go:62.46,65.6 2 0
github.com/reshimahendra/lbw-go/internal/config/database.go:35.34,40.19 2 0
github.com/reshimahendra/lbw-go/internal/config/database.go:45.5,52.6 1 0
github.com/reshimahendra/lbw-go/internal/config/database.go:40.19,42.6 1 0
github.com/reshimahendra/lbw-go/internal/config/database.go:56.36,62.2 1 0
github.com/reshimahendra/lbw-go/internal/datastore/user/user.go:30.56,32.2 1 0
github.com/reshimahendra/lbw-go/internal/datastore/user/user.go:35.70,75.19 6 0
github.com/reshimahendra/lbw-go/internal/datastore/user/user.go:79.5,79.18 1 0
github.com/reshimahendra/lbw-go/internal/datastore/user/user.go:75.19,77.6 1 0
github.com/reshimahendra/lbw-go/internal/datastore/user/user.role.go:45.64,47.2 1 1
github.com/reshimahendra/lbw-go/internal/datastore/user/user.role.go:55.82,73.28 4 1
github.com/reshimahendra/lbw-go/internal/datastore/user/user.role.go:80.5,80.19 1 1
github.com/reshimahendra/lbw-go/internal/datastore/user/user.role.go:73.28,75.6 1 1
github.com/reshimahendra/lbw-go/internal/datastore/user/user.role.go:75.11,75.26 1 1
github.com/reshimahendra/lbw-go/internal/datastore/user/user.role.go:75.26,77.6 1 1
github.com/reshimahendra/lbw-go/internal/datastore/user/user.role.go:84.64,99.28 4 1
github.com/reshimahendra/lbw-go/internal/datastore/user/user.role.go:106.5,106.19 1 1
github.com/reshimahendra/lbw-go/internal/datastore/user/user.role.go:99.28,101.6 1 1
github.com/reshimahendra/lbw-go/internal/datastore/user/user.role.go:101.11,101.26 1 1
github.com/reshimahendra/lbw-go/internal/datastore/user/user.role.go:101.26,103.6 1 1
github.com/reshimahendra/lbw-go/internal/datastore/user/user.role.go:110.61,115.28 2 1
github.com/reshimahendra/lbw-go/internal/datastore/user/user.role.go:119.5,123.23 3 1
github.com/reshimahendra/lbw-go/internal/datastore/user/user.role.go:143.5,143.20 1 1
github.com/reshimahendra/lbw-go/internal/datastore/user/user.role.go:115.28,117.6 1 1
github.com/reshimahendra/lbw-go/internal/datastore/user/user.role.go:123.23,134.23 3 1
github.com/reshimahendra/lbw-go/internal/datastore/user/user.role.go:139.9,139.30 1 1
github.com/reshimahendra/lbw-go/internal/datastore/user/user.role.go:134.23,136.10 1 0
github.com/reshimahendra/lbw-go/internal/datastore/user/user.role.go:147.90,149.25 1 1
github.com/reshimahendra/lbw-go/internal/datastore/user/user.role.go:155.5,169.19 4 1
github.com/reshimahendra/lbw-go/internal/datastore/user/user.role.go:174.5,174.19 1 1
github.com/reshimahendra/lbw-go/internal/datastore/user/user.role.go:149.25,151.6 1 1
github.com/reshimahendra/lbw-go/internal/datastore/user/user.role.go:169.19,171.6 1 1
github.com/reshimahendra/lbw-go/internal/datastore/user/user.role.go:178.67,194.19 4 1
github.com/reshimahendra/lbw-go/internal/datastore/user/user.role.go:198.5,198.19 1 1
github.com/reshimahendra/lbw-go/internal/datastore/user/user.role.go:194.19,196.6 1 1
github.com/reshimahendra/lbw-go/internal/controller/user/service.go:14.54,16.2 1 0
github.com/reshimahendra/lbw-go/internal/controller/user/service.go:18.86,20.19 2 0
github.com/reshimahendra/lbw-go/internal/controller/user/service.go:25.5,25.38 1 0
github.com/reshimahendra/lbw-go/internal/controller/user/service.go:20.19,22.6 1 0
github.com/reshimahendra/lbw-go/internal/controller/user/service.go:28.57,31.2 1 0
github.com/reshimahendra/lbw-go/internal/controller/user/user.role.go:32.58,34.2 1 1
github.com/reshimahendra/lbw-go/internal/controller/user/user.role.go:36.98,38.25 1 1
github.com/reshimahendra/lbw-go/internal/controller/user/user.role.go:43.5,44.19 2 1
github.com/reshimahendra/lbw-go/internal/controller/user/user.role.go:49.5,49.43 1 1
github.com/reshimahendra/lbw-go/internal/controller/user/user.role.go:38.25,40.6 1 1
github.com/reshimahendra/lbw-go/internal/controller/user/user.role.go:44.19,46.6 1 1
github.com/reshimahendra/lbw-go/internal/controller/user/user.role.go:52.73,55.19 2 1
github.com/reshimahendra/lbw-go/internal/controller/user/user.role.go:60.5,60.43 1 1
github.com/reshimahendra/lbw-go/internal/controller/user/user.role.go:55.19,57.6 1 1
github.com/reshimahendra/lbw-go/internal/pkg/errors/error.go:18.32,20.2 1 1
github.com/reshimahendra/lbw-go/internal/pkg/errors/error.go:23.27,28.2 1 1
github.com/reshimahendra/lbw-go/internal/pkg/errors/error.go:38.34,40.2 1 1
github.com/reshimahendra/lbw-go/internal/pkg/errors/error.go:43.39,49.2 1 1
github.com/reshimahendra/lbw-go/internal/pkg/errors/error.go:52.42,53.17 1 1
github.com/reshimahendra/lbw-go/internal/pkg/errors/error.go:94.5,94.11 1 1
github.com/reshimahendra/lbw-go/internal/pkg/errors/error.go:55.42,55.67 1 1
github.com/reshimahendra/lbw-go/internal/pkg/errors/error.go:56.42,56.80 1 1
github.com/reshimahendra/lbw-go/internal/pkg/errors/error.go:57.42,57.81 1 1
github.com/reshimahendra/lbw-go/internal/pkg/errors/error.go:58.42,58.75 1 1
github.com/reshimahendra/lbw-go/internal/pkg/errors/error.go:59.42,59.74 1 1
github.com/reshimahendra/lbw-go/internal/pkg/errors/error.go:60.42,60.70 1 1
github.com/reshimahendra/lbw-go/internal/pkg/errors/error.go:61.42,61.72 1 1
github.com/reshimahendra/lbw-go/internal/pkg/errors/error.go:62.42,62.71 1 1
github.com/reshimahendra/lbw-go/internal/pkg/errors/error.go:63.42,63.70 1 1
github.com/reshimahendra/lbw-go/internal/pkg/errors/error.go:64.42,64.71 1 1
github.com/reshimahendra/lbw-go/internal/pkg/errors/error.go:65.42,65.73 1 1
github.com/reshimahendra/lbw-go/internal/pkg/errors/error.go:66.42,66.73 1 1
github.com/reshimahendra/lbw-go/internal/pkg/errors/error.go:67.42,67.75 1 1
github.com/reshimahendra/lbw-go/internal/pkg/errors/error.go:70.42,70.65 1 1
github.com/reshimahendra/lbw-go/internal/pkg/errors/error.go:71.42,71.65 1 1
github.com/reshimahendra/lbw-go/internal/pkg/errors/error.go:72.42,72.66 1 1
github.com/reshimahendra/lbw-go/internal/pkg/errors/error.go:73.42,73.76 1 1
github.com/reshimahendra/lbw-go/internal/pkg/errors/error.go:74.42,74.80 1 1
github.com/reshimahendra/lbw-go/internal/pkg/errors/error.go:75.42,75.72 1 1
github.com/reshimahendra/lbw-go/internal/pkg/errors/error.go:76.42,76.75 1 1
github.com/reshimahendra/lbw-go/internal/pkg/errors/error.go:77.42,77.75 1 1
github.com/reshimahendra/lbw-go/internal/pkg/errors/error.go:78.42,78.70 1 1
github.com/reshimahendra/lbw-go/internal/pkg/errors/error.go:79.42,79.71 1 1
github.com/reshimahendra/lbw-go/internal/pkg/errors/error.go:80.42,80.71 1 1
github.com/reshimahendra/lbw-go/internal/pkg/errors/error.go:81.42,81.72 1 1
github.com/reshimahendra/lbw-go/internal/pkg/errors/error.go:84.38,84.67 1 1
github.com/reshimahendra/lbw-go/internal/pkg/errors/error.go:85.38,85.69 1 1
github.com/reshimahendra/lbw-go/internal/pkg/errors/error.go:86.38,86.72 1 1
github.com/reshimahendra/lbw-go/internal/pkg/errors/error.go:87.38,87.69 1 1
github.com/reshimahendra/lbw-go/internal/pkg/errors/error.go:88.38,88.73 1 1
github.com/reshimahendra/lbw-go/internal/pkg/errors/error.go:91.38,91.64 1 1
github.com/reshimahendra/lbw-go/internal/pkg/auth/jwt.go:41.68,60.19 12 0
github.com/reshimahendra/lbw-go/internal/pkg/auth/jwt.go:65.5,77.19 9 0
github.com/reshimahendra/lbw-go/internal/pkg/auth/jwt.go:83.5,84.19 2 0
github.com/reshimahendra/lbw-go/internal/pkg/auth/jwt.go:88.5,90.22 2 0
github.com/reshimahendra/lbw-go/internal/pkg/auth/jwt.go:60.19,63.6 2 0
github.com/reshimahendra/lbw-go/internal/pkg/auth/jwt.go:77.19,80.6 2 0
github.com/reshimahendra/lbw-go/internal/pkg/auth/jwt.go:84.19,87.6 2 0
github.com/reshimahendra/lbw-go/internal/pkg/auth/jwt.go:94.52,96.97 2 0
github.com/reshimahendra/lbw-go/internal/pkg/auth/jwt.go:103.5,103.19 1 0
github.com/reshimahendra/lbw-go/internal/pkg/auth/jwt.go:108.5,108.30 1 0
github.com/reshimahendra/lbw-go/internal/pkg/auth/jwt.go:96.97,97.72 1 0
github.com/reshimahendra/lbw-go/internal/pkg/auth/jwt.go:100.9,100.52 1 0
github.com/reshimahendra/lbw-go/internal/pkg/auth/jwt.go:97.72,99.10 1 0
github.com/reshimahendra/lbw-go/internal/pkg/auth/jwt.go:103.19,106.6 2 0
github.com/reshimahendra/lbw-go/internal/pkg/auth/jwt.go:112.57,118.19 3 0
github.com/reshimahendra/lbw-go/internal/pkg/auth/jwt.go:125.5,125.21 1 0
github.com/reshimahendra/lbw-go/internal/pkg/auth/jwt.go:129.5,129.22 1 0
github.com/reshimahendra/lbw-go/internal/pkg/auth/jwt.go:118.19,119.25 1 0
github.com/reshimahendra/lbw-go/internal/pkg/auth/jwt.go:122.9,122.22 1 0
github.com/reshimahendra/lbw-go/internal/pkg/auth/jwt.go:119.25,121.10 1 0
github.com/reshimahendra/lbw-go/internal/pkg/auth/jwt.go:125.21,127.6 1 0
github.com/reshimahendra/lbw-go/internal/pkg/helper/api.go:27.84,44.26 3 1
github.com/reshimahendra/lbw-go/internal/pkg/helper/api.go:44.26,46.6 1 1
github.com/reshimahendra/lbw-go/internal/pkg/helper/api.go:50.72,65.2 3 1
github.com/reshimahendra/lbw-go/internal/pkg/helper/auth.go:16.45,18.21 2 1
github.com/reshimahendra/lbw-go/internal/pkg/helper/auth.go:22.5,22.25 1 1
github.com/reshimahendra/lbw-go/internal/pkg/helper/auth.go:26.5,26.15 1 1
github.com/reshimahendra/lbw-go/internal/pkg/helper/auth.go:18.21,21.6 1 1
github.com/reshimahendra/lbw-go/internal/pkg/helper/auth.go:22.25,24.6 1 1
github.com/reshimahendra/lbw-go/internal/pkg/helper/auth.go:31.54,37.60 2 1
github.com/reshimahendra/lbw-go/internal/pkg/helper/auth.go:41.9,43.28 3 1
github.com/reshimahendra/lbw-go/internal/pkg/helper/auth.go:47.9,47.32 1 1
github.com/reshimahendra/lbw-go/internal/pkg/helper/auth.go:37.60,39.10 1 1
github.com/reshimahendra/lbw-go/internal/pkg/helper/auth.go:43.28,45.10 1 1
github.com/reshimahendra/lbw-go/internal/pkg/helper/auth.go:51.52,54.56 2 1
github.com/reshimahendra/lbw-go/internal/pkg/helper/auth.go:58.5,59.19 2 1
github.com/reshimahendra/lbw-go/internal/pkg/helper/auth.go:63.5,64.27 2 1
github.com/reshimahendra/lbw-go/internal/pkg/helper/auth.go:54.56,56.6 1 1
github.com/reshimahendra/lbw-go/internal/pkg/helper/auth.go:59.19,61.6 1 0
github.com/reshimahendra/lbw-go/internal/pkg/helper/auth.go:68.63,72.2 3 1
github.com/reshimahendra/lbw-go/internal/pkg/helper/auth.go:75.52,79.2 2 1
github.com/reshimahendra/lbw-go/internal/pkg/helper/auth.go:82.48,88.2 3 1
github.com/reshimahendra/lbw-go/internal/pkg/helper/auth.go:92.66,94.23 2 1
github.com/reshimahendra/lbw-go/internal/pkg/helper/auth.go:97.5,97.37 1 1
github.com/reshimahendra/lbw-go/internal/pkg/helper/auth.go:94.23,96.6 1 1
